tests for the 3-say_my_name module

Import module:
       >>> say_my_name = __import__('3-say_my_name').say_my_name

Test Cases:

Test 1: Diferent type in first_name
     >>> say_my_name(72, "Doe")
     Traceback (most recent call last):
     ...
     TypeError: first_name must be a string

Test 2: Just first name
     >>> say_my_name("John")
     My name is John 

Test 3: No input
     >>> say_my_name()
     Traceback (most recent call last):
     ...
     TypeError: say_my_name() missing 1 required positional argument: 'first_name'

Test 4: Name and last name
     >>> say_my_name("John", "Doe")
     My name is John Doe

Test 5: Empty string
     >>> say_my_name("")
     My name is  

Test 6: Different type last_name
     >>> say_my_name("John", 1989)
     Traceback (most recent call last):
     ...
     TypeError: last_name must be a string
