tests for the 4-print_square module

Import module:
       >>> print_square = __import__('4-print_square').print_square

Test Cases:

Test 1: size 5
     >>> print_square(5)
     #####
     #####
     #####
     #####
     #####

Test 2: size -5
     >>> print_square(-5)
     Traceback (most recent call last):
     ...
     ValueError: size must be >= 0

Test 3: size string
     >>> print_square("Tomas")
     Traceback (most recent call last):
     ...
     TypeError: size must be an integer

Test 4: size float
     >>> print_square(7.7)
     Traceback (most recent call last):
     ...
     TypeError: size must be an integer

Test 5: no parameters
     >>> print_square()
     Traceback (most recent call last):
     ...
     TypeError: print_square() missing 1 required positional argument: 'size'

Test 6: Two parameters
     >>> print_square(1, 2)
     Traceback (most recent call last):
     ...
     TypeError: print_square() takes 1 positional argument but 2 were given
